<?xml version="1.0" encoding="UTF-8"?>
<!-- Generated by org.testng.reporters.JUnitXMLReporter -->
<testsuite hostname="DESKTOP-F9MKETK" ignored="0" name="Tes1" tests="1" failures="1" timestamp="2020-05-29T19:52:41 IST" time="105.185" errors="0">
  <testcase name="@AfterClass afterClass" time="0.001" classname="test.NewTest">
    <failure type="java.lang.NullPointerException">
      <![CDATA[java.lang.NullPointerException
at test.NewTest.afterClass(NewTest.java:27)
at java.util.ArrayList.forEach(ArrayList.java:1257)
... Removed 25 stack frames]]>
    </failure>
  </testcase> <!-- @AfterClass afterClass -->
  <testcase name="openMyBlog" time="0.043" classname="test.NewTest">
    <failure type="java.lang.NullPointerException">
      <![CDATA[java.lang.NullPointerException
at test.NewTest.openMyBlog(NewTest.java:15)
at java.util.ArrayList.forEach(ArrayList.java:1257)
... Removed 27 stack frames]]>
    </failure>
  </testcase> <!-- openMyBlog -->
</testsuite> <!-- Tes1 -->
